{
  message: '✨ Database is connected successfully',
  level: 'info',
  label: 'Triangle Movies 🎥',
  timestamp: '2023-09-12T18:00:20.995Z'
}
{
  message: 'Application listening on port 5000',
  level: 'info',
  label: 'Triangle Movies 🎥',
  timestamp: '2023-09-12T18:00:21.001Z'
}
{
  message: '✨ Database is connected successfully',
  level: 'info',
  label: 'Triangle Movies 🎥',
  timestamp: '2023-09-12T18:05:27.932Z'
}
{
  message: 'Application listening on port 5000',
  level: 'info',
  label: 'Triangle Movies 🎥',
  timestamp: '2023-09-12T18:05:27.936Z'
}
{
  message: '✨ Database is connected successfully',
  level: 'info',
  label: 'Triangle Movies 🎥',
  timestamp: '2023-09-12T18:06:33.215Z'
}
{
  message: 'Application listening on port 5000',
  level: 'info',
  label: 'Triangle Movies 🎥',
  timestamp: '2023-09-12T18:06:33.220Z'
}
{
  message: '✨ Database is connected successfully',
  level: 'info',
  label: 'Triangle Movies 🎥',
  timestamp: '2023-09-12T18:11:48.777Z'
}
{
  message: 'Application listening on port 5000',
  level: 'info',
  label: 'Triangle Movies 🎥',
  timestamp: '2023-09-12T18:11:48.782Z'
}
{
  message: '✨ Database is connected successfully',
  level: 'info',
  label: 'Triangle Movies 🎥',
  timestamp: '2023-09-12T18:13:45.798Z'
}
{
  message: 'Application listening on port 5000',
  level: 'info',
  label: 'Triangle Movies 🎥',
  timestamp: '2023-09-12T18:13:45.803Z'
}
{
  message: '✨ Database is connected successfully',
  level: 'info',
  label: 'Triangle Movies 🎥',
  timestamp: '2023-09-12T18:18:38.064Z'
}
{
  message: 'Application listening on port 5000',
  level: 'info',
  label: 'Triangle Movies 🎥',
  timestamp: '2023-09-12T18:18:38.070Z'
}
{
  message: '✨ Database is connected successfully',
  level: 'info',
  label: 'Triangle Movies 🎥',
  timestamp: '2023-09-12T18:19:12.312Z'
}
{
  message: 'Application listening on port 5000',
  level: 'info',
  label: 'Triangle Movies 🎥',
  timestamp: '2023-09-12T18:19:12.317Z'
}
{
  message: '✨ Database is connected successfully',
  level: 'info',
  label: 'Triangle Movies 🎥',
  timestamp: '2023-09-12T18:20:29.961Z'
}
{
  message: 'Application listening on port 5000',
  level: 'info',
  label: 'Triangle Movies 🎥',
  timestamp: '2023-09-12T18:20:29.966Z'
}
{
  message: '✨ Database is connected successfully',
  level: 'info',
  label: 'Triangle Movies 🎥',
  timestamp: '2023-09-12T18:21:14.759Z'
}
{
  message: 'Application listening on port 5000',
  level: 'info',
  label: 'Triangle Movies 🎥',
  timestamp: '2023-09-12T18:21:14.764Z'
}
{
  message: '✨ Database is connected successfully',
  level: 'info',
  label: 'Triangle Movies 🎥',
  timestamp: '2023-09-12T18:21:35.832Z'
}
{
  message: 'Application listening on port 5000',
  level: 'info',
  label: 'Triangle Movies 🎥',
  timestamp: '2023-09-12T18:21:35.837Z'
}
{
  message: '✨ Database is connected successfully',
  level: 'info',
  label: 'Triangle Movies 🎥',
  timestamp: '2023-09-12T18:22:19.523Z'
}
{
  message: 'Application listening on port 5000',
  level: 'info',
  label: 'Triangle Movies 🎥',
  timestamp: '2023-09-12T18:22:19.529Z'
}
{
  message: '✨ Database is connected successfully',
  level: 'info',
  label: 'Triangle Movies 🎥',
  timestamp: '2023-09-12T18:22:34.669Z'
}
{
  message: 'Application listening on port 5000',
  level: 'info',
  label: 'Triangle Movies 🎥',
  timestamp: '2023-09-12T18:22:34.674Z'
}
{
  message: '✨ Database is connected successfully',
  level: 'info',
  label: 'Triangle Movies 🎥',
  timestamp: '2023-09-12T18:23:19.715Z'
}
{
  message: 'Application listening on port 5000',
  level: 'info',
  label: 'Triangle Movies 🎥',
  timestamp: '2023-09-12T18:23:19.720Z'
}
{
  message: '✨ Database is connected successfully',
  level: 'info',
  label: 'Triangle Movies 🎥',
  timestamp: '2023-09-12T18:28:03.509Z'
}
{
  message: 'Application listening on port 5000',
  level: 'info',
  label: 'Triangle Movies 🎥',
  timestamp: '2023-09-12T18:28:03.514Z'
}
{
  message: '✨ Database is connected successfully',
  level: 'info',
  label: 'Triangle Movies 🎥',
  timestamp: '2023-09-12T18:28:29.028Z'
}
{
  message: 'Application listening on port 5000',
  level: 'info',
  label: 'Triangle Movies 🎥',
  timestamp: '2023-09-12T18:28:29.033Z'
}
{
  message: '✨ Database is connected successfully',
  level: 'info',
  label: 'Triangle Movies 🎥',
  timestamp: '2023-09-12T18:29:04.489Z'
}
{
  message: 'Application listening on port 5000',
  level: 'info',
  label: 'Triangle Movies 🎥',
  timestamp: '2023-09-12T18:29:04.494Z'
}
{
  message: '✨ Database is connected successfully',
  level: 'info',
  label: 'Triangle Movies 🎥',
  timestamp: '2023-09-12T18:29:09.456Z'
}
{
  message: 'Application listening on port 5000',
  level: 'info',
  label: 'Triangle Movies 🎥',
  timestamp: '2023-09-12T18:29:09.461Z'
}
{
  message: '✨ Database is connected successfully',
  level: 'info',
  label: 'Triangle Movies 🎥',
  timestamp: '2023-09-12T18:31:42.967Z'
}
{
  message: 'Application listening on port 5000',
  level: 'info',
  label: 'Triangle Movies 🎥',
  timestamp: '2023-09-12T18:31:42.972Z'
}
{
  message: '✨ Database is connected successfully',
  level: 'info',
  label: 'Triangle Movies 🎥',
  timestamp: '2023-09-12T18:33:27.072Z'
}
{
  message: 'Application listening on port 5000',
  level: 'info',
  label: 'Triangle Movies 🎥',
  timestamp: '2023-09-12T18:33:27.077Z'
}
{
  message: '✨ Database is connected successfully',
  level: 'info',
  label: 'Triangle Movies 🎥',
  timestamp: '2023-09-12T18:35:11.813Z'
}
{
  message: 'Application listening on port 5000',
  level: 'info',
  label: 'Triangle Movies 🎥',
  timestamp: '2023-09-12T18:35:11.818Z'
}
{
  message: '✨ Database is connected successfully',
  level: 'info',
  label: 'Triangle Movies 🎥',
  timestamp: '2023-09-12T18:36:37.655Z'
}
{
  message: 'Application listening on port 5000',
  level: 'info',
  label: 'Triangle Movies 🎥',
  timestamp: '2023-09-12T18:36:37.660Z'
}
{
  message: '✨ Database is connected successfully',
  level: 'info',
  label: 'Triangle Movies 🎥',
  timestamp: '2023-09-12T18:37:20.444Z'
}
{
  message: 'Application listening on port 5000',
  level: 'info',
  label: 'Triangle Movies 🎥',
  timestamp: '2023-09-12T18:37:20.449Z'
}
{
  message: '✨ Database is connected successfully',
  level: 'info',
  label: 'Triangle Movies 🎥',
  timestamp: '2023-09-12T18:37:53.031Z'
}
{
  message: 'Application listening on port 5000',
  level: 'info',
  label: 'Triangle Movies 🎥',
  timestamp: '2023-09-12T18:37:53.036Z'
}
{
  message: '✨ Database is connected successfully',
  level: 'info',
  label: 'Triangle Movies 🎥',
  timestamp: '2023-09-12T18:40:11.627Z'
}
{
  message: 'Application listening on port 5000',
  level: 'info',
  label: 'Triangle Movies 🎥',
  timestamp: '2023-09-12T18:40:11.632Z'
}
{
  message: '✨ Database is connected successfully',
  level: 'info',
  label: 'Triangle Movies 🎥',
  timestamp: '2023-09-12T18:42:42.038Z'
}
{
  message: 'Application listening on port 5000',
  level: 'info',
  label: 'Triangle Movies 🎥',
  timestamp: '2023-09-12T18:42:42.044Z'
}
{
  message: '✨ Database is connected successfully',
  level: 'info',
  label: 'Triangle Movies 🎥',
  timestamp: '2023-09-12T18:47:38.271Z'
}
{
  message: 'Application listening on port 5000',
  level: 'info',
  label: 'Triangle Movies 🎥',
  timestamp: '2023-09-12T18:47:38.276Z'
}
{
  message: '✨ Database is connected successfully',
  level: 'info',
  label: 'Triangle Movies 🎥',
  timestamp: '2023-09-12T18:48:08.546Z'
}
{
  message: 'Application listening on port 5000',
  level: 'info',
  label: 'Triangle Movies 🎥',
  timestamp: '2023-09-12T18:48:08.551Z'
}
{
  message: '✨ Database is connected successfully',
  level: 'info',
  label: 'Triangle Movies 🎥',
  timestamp: '2023-09-12T18:49:15.729Z'
}
{
  message: 'Application listening on port 5000',
  level: 'info',
  label: 'Triangle Movies 🎥',
  timestamp: '2023-09-12T18:49:15.734Z'
}
{
  message: '✨ Database is connected successfully',
  level: 'info',
  label: 'Triangle Movies 🎥',
  timestamp: '2023-09-12T18:49:39.617Z'
}
{
  message: 'Application listening on port 5000',
  level: 'info',
  label: 'Triangle Movies 🎥',
  timestamp: '2023-09-12T18:49:39.622Z'
}
{
  message: '✨ Database is connected successfully',
  level: 'info',
  label: 'Triangle Movies 🎥',
  timestamp: '2023-09-12T18:50:59.647Z'
}
{
  message: 'Application listening on port 5000',
  level: 'info',
  label: 'Triangle Movies 🎥',
  timestamp: '2023-09-12T18:50:59.653Z'
}
{
  message: '✨ Database is connected successfully',
  level: 'info',
  label: 'Triangle Movies 🎥',
  timestamp: '2023-09-12T18:51:13.334Z'
}
{
  message: 'Application listening on port 5000',
  level: 'info',
  label: 'Triangle Movies 🎥',
  timestamp: '2023-09-12T18:51:13.339Z'
}
