{
  message: '✨ Database is connected successfully',
  level: 'info',
  label: 'Triangle Movies 🎥',
  timestamp: '2023-09-04T04:52:16.084Z'
}
{
  message: 'Application listening on port 5000',
  level: 'info',
  label: 'Triangle Movies 🎥',
  timestamp: '2023-09-04T04:52:16.089Z'
}
{
  message: '✨ Database is connected successfully',
  level: 'info',
  label: 'Triangle Movies 🎥',
  timestamp: '2023-09-04T04:57:31.554Z'
}
{
  message: 'Application listening on port 5000',
  level: 'info',
  label: 'Triangle Movies 🎥',
  timestamp: '2023-09-04T04:57:31.560Z'
}
{
  message: '✨ Database is connected successfully',
  level: 'info',
  label: 'Triangle Movies 🎥',
  timestamp: '2023-09-04T04:59:20.630Z'
}
{
  message: 'Application listening on port 5000',
  level: 'info',
  label: 'Triangle Movies 🎥',
  timestamp: '2023-09-04T04:59:20.635Z'
}
