{
  message: '✨ Database is connected successfully',
  level: 'info',
  label: 'Triangle Movies 🎥',
  timestamp: '2023-08-18T04:29:56.610Z'
}
{
  message: 'Application listening on port 5000',
  level: 'info',
  label: 'Triangle Movies 🎥',
  timestamp: '2023-08-18T04:29:56.617Z'
}
{
  message: '✨ Database is connected successfully',
  level: 'info',
  label: 'Triangle Movies 🎥',
  timestamp: '2023-08-18T04:55:40.848Z'
}
{
  message: 'Application listening on port 5000',
  level: 'info',
  label: 'Triangle Movies 🎥',
  timestamp: '2023-08-18T04:55:40.853Z'
}
{
  message: '✨ Database is connected successfully',
  level: 'info',
  label: 'Triangle Movies 🎥',
  timestamp: '2023-08-18T04:56:19.041Z'
}
{
  message: 'Application listening on port 5000',
  level: 'info',
  label: 'Triangle Movies 🎥',
  timestamp: '2023-08-18T04:56:19.046Z'
}
{
  message: '✨ Database is connected successfully',
  level: 'info',
  label: 'Triangle Movies 🎥',
  timestamp: '2023-08-18T04:56:37.048Z'
}
{
  message: 'Application listening on port 5000',
  level: 'info',
  label: 'Triangle Movies 🎥',
  timestamp: '2023-08-18T04:56:37.053Z'
}
{
  message: '✨ Database is connected successfully',
  level: 'info',
  label: 'Triangle Movies 🎥',
  timestamp: '2023-08-18T04:57:06.275Z'
}
{
  message: 'Application listening on port 5000',
  level: 'info',
  label: 'Triangle Movies 🎥',
  timestamp: '2023-08-18T04:57:06.280Z'
}
{
  message: '✨ Database is connected successfully',
  level: 'info',
  label: 'Triangle Movies 🎥',
  timestamp: '2023-08-18T04:57:49.296Z'
}
{
  message: 'Application listening on port 5000',
  level: 'info',
  label: 'Triangle Movies 🎥',
  timestamp: '2023-08-18T04:57:49.301Z'
}
{
  message: '✨ Database is connected successfully',
  level: 'info',
  label: 'Triangle Movies 🎥',
  timestamp: '2023-08-18T04:58:13.950Z'
}
{
  message: 'Application listening on port 5000',
  level: 'info',
  label: 'Triangle Movies 🎥',
  timestamp: '2023-08-18T04:58:13.957Z'
}
