{
  message: '✨ Database is connected successfully',
  level: 'info',
  label: 'Triangle Movies 🎥',
  timestamp: '2023-09-13T16:09:03.636Z'
}
{
  message: 'Application listening on port 5000',
  level: 'info',
  label: 'Triangle Movies 🎥',
  timestamp: '2023-09-13T16:09:03.641Z'
}
{
  message: '✨ Database is connected successfully',
  level: 'info',
  label: 'Triangle Movies 🎥',
  timestamp: '2023-09-13T16:10:40.211Z'
}
{
  message: 'Application listening on port 5000',
  level: 'info',
  label: 'Triangle Movies 🎥',
  timestamp: '2023-09-13T16:10:40.216Z'
}
{
  message: '✨ Database is connected successfully',
  level: 'info',
  label: 'Triangle Movies 🎥',
  timestamp: '2023-09-13T16:12:53.655Z'
}
{
  message: 'Application listening on port 5000',
  level: 'info',
  label: 'Triangle Movies 🎥',
  timestamp: '2023-09-13T16:12:53.659Z'
}
{
  message: '✨ Database is connected successfully',
  level: 'info',
  label: 'Triangle Movies 🎥',
  timestamp: '2023-09-13T16:27:39.572Z'
}
{
  message: 'Application listening on port 5000',
  level: 'info',
  label: 'Triangle Movies 🎥',
  timestamp: '2023-09-13T16:27:39.577Z'
}
