{
  message: '✨ Database is connected successfully',
  level: 'info',
  label: 'Triangle Movies 🎥',
  timestamp: '2023-08-27T04:57:00.413Z'
}
{
  message: 'Application listening on port 5000',
  level: 'info',
  label: 'Triangle Movies 🎥',
  timestamp: '2023-08-27T04:57:00.433Z'
}
{
  message: '✨ Database is connected successfully',
  level: 'info',
  label: 'Triangle Movies 🎥',
  timestamp: '2023-08-27T04:57:32.957Z'
}
{
  message: 'Application listening on port 5000',
  level: 'info',
  label: 'Triangle Movies 🎥',
  timestamp: '2023-08-27T04:57:32.978Z'
}
{
  message: '✨ Database is connected successfully',
  level: 'info',
  label: 'Triangle Movies 🎥',
  timestamp: '2023-08-27T04:58:39.016Z'
}
{
  message: 'Application listening on port 5000',
  level: 'info',
  label: 'Triangle Movies 🎥',
  timestamp: '2023-08-27T04:58:39.022Z'
}
{
  message: '✨ Database is connected successfully',
  level: 'info',
  label: 'Triangle Movies 🎥',
  timestamp: '2023-08-27T04:59:38.483Z'
}
{
  message: 'Application listening on port 5000',
  level: 'info',
  label: 'Triangle Movies 🎥',
  timestamp: '2023-08-27T04:59:38.503Z'
}
{
  message: '✨ Database is connected successfully',
  level: 'info',
  label: 'Triangle Movies 🎥',
  timestamp: '2023-08-27T04:59:47.253Z'
}
{
  message: 'Application listening on port 5000',
  level: 'info',
  label: 'Triangle Movies 🎥',
  timestamp: '2023-08-27T04:59:47.272Z'
}
