{
  level: 'error',
  label: 'right meow!',
  timestamp: '2023-08-16T08:13:16.400Z'
}
{
  level: 'error',
  label: 'right meow!',
  timestamp: '2023-08-16T08:14:25.937Z'
}
{
  level: 'error',
  label: 'right meow!',
  timestamp: '2023-08-16T08:16:18.239Z'
}
{
  level: 'error',
  message: '🚀 globalErrorHandler Testing Error logger',
  stack: 'Error: Testing Error logger\n' +
    '    at E:\\Project\\triangle-movie-site-backend\\src\\app.ts:17:9\n' +
    '    at Layer.handle [as handle_request] (E:\\Project\\triangle-movie-site-backend\\node_modules\\express\\lib\\router\\layer.js:95:5)\n' +
    '    at next (E:\\Project\\triangle-movie-site-backend\\node_modules\\express\\lib\\router\\route.js:144:13)\n' +
    '    at Route.dispatch (E:\\Project\\triangle-movie-site-backend\\node_modules\\express\\lib\\router\\route.js:114:3)\n' +
    '    at Layer.handle [as handle_request] (E:\\Project\\triangle-movie-site-backend\\node_modules\\express\\lib\\router\\layer.js:95:5)\n' +
    '    at E:\\Project\\triangle-movie-site-backend\\node_modules\\express\\lib\\router\\index.js:284:15\n' +
    '    at Function.process_params (E:\\Project\\triangle-movie-site-backend\\node_modules\\express\\lib\\router\\index.js:346:12)\n' +
    '    at next (E:\\Project\\triangle-movie-site-backend\\node_modules\\express\\lib\\router\\index.js:280:10)\n' +
    '    at urlencodedParser (E:\\Project\\triangle-movie-site-backend\\node_modules\\body-parser\\lib\\types\\urlencoded.js:91:7)\n' +
    '    at Layer.handle [as handle_request] (E:\\Project\\triangle-movie-site-backend\\node_modules\\express\\lib\\router\\layer.js:95:5)',
  label: 'right meow!',
  timestamp: '2023-08-16T08:24:55.811Z'
}
{
  level: 'error',
  message: '🚀 globalErrorHandler Testing Error logger',
  stack: 'Error: Testing Error logger\n' +
    '    at E:\\Project\\triangle-movie-site-backend\\src\\app.ts:17:9\n' +
    '    at Layer.handle [as handle_request] (E:\\Project\\triangle-movie-site-backend\\node_modules\\express\\lib\\router\\layer.js:95:5)\n' +
    '    at next (E:\\Project\\triangle-movie-site-backend\\node_modules\\express\\lib\\router\\route.js:144:13)\n' +
    '    at Route.dispatch (E:\\Project\\triangle-movie-site-backend\\node_modules\\express\\lib\\router\\route.js:114:3)\n' +
    '    at Layer.handle [as handle_request] (E:\\Project\\triangle-movie-site-backend\\node_modules\\express\\lib\\router\\layer.js:95:5)\n' +
    '    at E:\\Project\\triangle-movie-site-backend\\node_modules\\express\\lib\\router\\index.js:284:15\n' +
    '    at Function.process_params (E:\\Project\\triangle-movie-site-backend\\node_modules\\express\\lib\\router\\index.js:346:12)\n' +
    '    at next (E:\\Project\\triangle-movie-site-backend\\node_modules\\express\\lib\\router\\index.js:280:10)\n' +
    '    at urlencodedParser (E:\\Project\\triangle-movie-site-backend\\node_modules\\body-parser\\lib\\types\\urlencoded.js:91:7)\n' +
    '    at Layer.handle [as handle_request] (E:\\Project\\triangle-movie-site-backend\\node_modules\\express\\lib\\router\\layer.js:95:5)',
  label: 'right meow!',
  timestamp: '2023-08-16T08:25:44.481Z'
}
